2025-01-02T05:20:07.985Z - INFO: POST /register
2025-01-02T05:20:16.971Z - INFO: POST /register
2025-01-02T05:20:21.523Z - INFO: POST /register
2025-01-02T05:20:38.300Z - INFO: POST /register
2025-01-02T05:20:46.906Z - INFO: POST /register
2025-01-02T05:20:52.625Z - INFO: POST /register
2025-01-02T05:21:01.443Z - INFO: POST /login
2025-01-02T05:21:04.360Z - INFO: POST /login
2025-01-02T05:24:32.955Z - INFO: POST /login
2025-01-02T05:24:49.157Z - INFO: POST /login
2025-01-02T05:26:59.005Z - INFO: POST /login
2025-01-02T05:27:38.888Z - INFO: POST /register
2025-01-02T05:27:44.367Z - INFO: POST /register
2025-01-02T05:29:34.436Z - INFO: POST /register
2025-01-02T05:29:44.919Z - INFO: POST /login
2025-01-02T08:57:38.659Z - INFO: POST /register
2025-01-02T09:00:53.768Z - INFO: POST /register
2025-01-02T09:02:23.947Z - INFO: POST /api/auth/register
2025-01-02T09:02:36.332Z - INFO: POST /api/auth/login
2025-01-02T09:09:49.248Z - INFO: POST /login
2025-01-02T09:10:44.919Z - INFO: POST /api/auth/login
2025-01-02T09:11:12.916Z - INFO: POST /api/auth/register
2025-01-03T11:59:00.151Z - INFO: POST /api/auth/register
2025-01-03T11:59:09.522Z - INFO: POST /api/auth/register
2025-01-03T11:59:19.773Z - INFO: POST /api/auth/login
2025-01-03T11:59:22.955Z - INFO: POST /api/auth/login
2025-01-06T04:48:01.031Z - INFO: POST /login
2025-01-06T04:48:04.008Z - INFO: POST /login
2025-01-06T04:48:11.521Z - INFO: POST /login
2025-01-06T04:49:59.472Z - INFO: POST /login
2025-01-06T04:50:25.724Z - INFO: POST /login
2025-01-06T04:51:29.895Z - INFO: POST /login
2025-01-06T04:51:59.585Z - INFO: POST /login
2025-01-06T04:52:05.625Z - INFO: POST /login
2025-01-06T04:53:13.335Z - INFO: POST /login
2025-01-06T04:53:36.435Z - INFO: POST /login
2025-01-06T04:57:30.670Z - INFO: POST /login
2025-01-06T04:57:41.297Z - INFO: POST /login
2025-01-06T04:59:59.516Z - INFO: POST /register
2025-01-06T05:00:06.298Z - INFO: POST /register
2025-01-06T05:00:13.945Z - INFO: POST /register
2025-01-06T05:00:23.461Z - INFO: POST /register
2025-01-06T05:04:15.063Z - INFO: POST /login
2025-01-06T05:04:20.052Z - INFO: POST /login
2025-01-06T05:06:57.650Z - INFO: GET /login
2025-01-06T05:06:57.721Z - INFO: GET /login
2025-01-06T05:16:24.539Z - INFO: POST /login
2025-01-06T05:16:36.958Z - INFO: POST /login
2025-01-06T05:18:09.824Z - INFO: POST /api/auth/login
2025-01-06T05:21:38.702Z - INFO: POST /api/auth/login
2025-01-06T12:11:33.313Z - INFO: POST /api/auth/login
2025-01-06T17:47:14.765Z - INFO: POST /api/auth/login
2025-01-06T17:48:13.909Z - INFO: POST /api/auth/login
2025-01-06T17:48:26.948Z - INFO: POST /api/auth/login
2025-01-06T17:49:42.930Z - INFO: POST /api/auth/login
2025-01-06T19:02:41.407Z - INFO: POST /api/auth/login
2025-01-06T19:02:46.266Z - INFO: POST /api/auth/login
2025-01-06T19:03:25.539Z - INFO: POST /api/auth/login
2025-01-06T19:03:50.865Z - INFO: POST /api/auth/login
2025-01-06T19:04:12.955Z - INFO: POST /api/auth/login
2025-01-07T05:30:24.548Z - INFO: POST /api/auth/login
2025-01-07T05:32:43.333Z - INFO: POST /api/auth/login
2025-01-07T05:34:43.171Z - INFO: POST /api/auth/login
2025-01-07T05:34:51.963Z - INFO: POST /api/auth/login
2025-01-07T05:40:24.866Z - INFO: POST /api/auth/login
2025-01-07T05:40:32.228Z - INFO: POST /api/auth/login
2025-01-07T05:40:38.578Z - INFO: POST /api/auth/login
2025-01-07T05:40:44.298Z - INFO: POST /api/auth/login
2025-01-07T07:08:01.229Z - INFO: POST /api/auth/login
2025-01-07T07:11:27.942Z - INFO: POST /api/auth/login
2025-01-07T07:12:12.911Z - INFO: POST /api/auth/login
2025-01-07T07:17:03.757Z - INFO: POST /api/auth/login
2025-01-07T08:55:13.570Z - INFO: POST /api/auth/login
2025-01-07T09:13:21.590Z - INFO: POST /api/auth/login
2025-01-07T09:14:40.739Z - INFO: POST /api/auth/login
2025-01-07T09:15:31.574Z - INFO: POST /api/auth/login
2025-01-07T09:16:24.930Z - INFO: POST /api/auth/login
2025-01-07T09:19:09.200Z - INFO: POST /api/auth/login
2025-01-07T09:21:28.508Z - INFO: POST /api/auth/register
2025-01-07T09:21:36.445Z - INFO: POST /api/auth/login
2025-01-07T09:22:23.132Z - INFO: POST /api/auth/register
2025-01-07T09:22:35.146Z - INFO: POST /api/auth/login
2025-01-07T09:27:00.410Z - INFO: POST /api/auth/login
2025-01-07T09:28:19.078Z - INFO: POST /api/auth/login
2025-01-07T09:30:45.689Z - INFO: POST /api/auth/login
2025-01-07T09:31:53.976Z - INFO: POST /api/auth/login
2025-01-07T09:37:26.917Z - INFO: POST /api/auth/login
2025-01-07T09:39:11.475Z - INFO: POST /api/auth/login
2025-01-07T09:54:05.927Z - INFO: POST /upload
2025-01-07T09:55:32.913Z - INFO: POST /upload
2025-01-07T09:58:43.600Z - INFO: POST /api/auth/login
2025-01-07T10:00:25.059Z - INFO: POST /upload
2025-01-07T10:01:26.140Z - INFO: POST /upload
2025-01-07T10:09:14.674Z - INFO: POST /api/auth/login
2025-01-07T10:09:28.217Z - INFO: POST /upload
2025-01-07T10:09:41.453Z - INFO: POST /upload
2025-01-07T10:14:50.878Z - INFO: POST /api/auth/login
2025-01-07T10:15:04.431Z - INFO: POST /upload
2025-01-07T10:16:28.830Z - INFO: POST /upload
2025-01-07T10:18:38.834Z - INFO: POST /api/auth/login
2025-01-07T10:18:58.965Z - INFO: POST /upload
2025-01-07T10:19:22.880Z - INFO: POST /upload
2025-01-07T10:53:30.527Z - INFO: POST /api/auth/login
2025-01-07T10:57:27.492Z - INFO: POST /api/auth/login
2025-01-07T11:24:23.071Z - INFO: POST /api/auth/login
2025-01-07T19:11:15.389Z - INFO: POST /api/auth/login
2025-01-07T19:12:08.952Z - INFO: POST /api/auth/login
2025-01-08T05:21:09.533Z - INFO: POST /api/auth/login
2025-01-08T06:05:02.501Z - INFO: POST /api/auth/login
